<?xml version="1.0" encoding="UTF-8"?>
<!-- Generated by org.testng.reporters.JUnitReportReporter -->
<testsuite hostname="DELL-PC" name="qaclickacademy.Restapitest" tests="2" failures="0" timestamp="16 Mar 2019 17:14:58 GMT" time="0.014" errors="0">
  <testcase name="rest1" time="0.013" classname="qaclickacademy.Restapitest"/>
  <testcase name="rest2" time="0.001" classname="qaclickacademy.Restapitest"/>
</testsuite> <!-- qaclickacademy.Restapitest -->
