<?xml version="1.0" encoding="UTF-8"?>
<!-- Generated by org.testng.reporters.JUnitReportReporter -->
<testsuite hostname="DELL-PC" name="qaclickacademy.Appiumtest" tests="2" failures="0" timestamp="16 Mar 2019 17:14:15 GMT" time="0.015" errors="0">
  <testcase name="app1" time="0.013" classname="qaclickacademy.Appiumtest"/>
  <testcase name="app2" time="0.002" classname="qaclickacademy.Appiumtest"/>
</testsuite> <!-- qaclickacademy.Appiumtest -->
