<?xml version="1.0" encoding="UTF-8"?>
<!-- Generated by org.testng.reporters.JUnitReportReporter -->
<testsuite hostname="DELL-PC" name="qaclickacademy.Seleniumtest" tests="2" failures="0" timestamp="16 Mar 2019 17:16:29 GMT" time="0.013" errors="0">
  <testcase name="Seleni2" time="0.013" classname="qaclickacademy.Seleniumtest"/>
  <testcase name="seleni1" time="0.000" classname="qaclickacademy.Seleniumtest"/>
</testsuite> <!-- qaclickacademy.Seleniumtest -->
